2026-01-28 09:13:40,537 - INFO - ========== STARTING DATA PREPROCESSING ==========
2026-01-28 09:13:47,565 - INFO - Spark session started successfully.
2026-01-28 09:14:00,271 - INFO - Data loaded from /data/movieData.json
2026-01-28 09:14:02,751 - INFO - Initial row count: 18
2026-01-28 09:14:02,954 - INFO - Dropped irrelevant columns: ['adult', 'backdrop_path', 'origin_country', 'original_title', 'imdb_id', 'video', 'homepage']
2026-01-28 09:14:03,977 - INFO - Parsed array-based columns successfully.
2026-01-28 09:14:04,653 - INFO - Extracted director, cast, crew_size, cast_size.
2026-01-28 09:14:05,148 - INFO - Converted datatypes and scaled budget/revenue.
2026-01-28 09:14:05,493 - INFO - Handled unrealistic values and placeholders.
2026-01-28 09:14:07,686 - INFO - Row count after deduplication: 18
2026-01-28 09:14:11,304 - INFO - Row count after non-null filtering: 18
2026-01-28 09:14:13,184 - INFO - Row count after Released filter: 18
2026-01-28 09:14:13,334 - INFO - Reordered and finalized columns.
2026-01-28 09:14:20,840 - INFO - Cleaned data saved to /data/cleaned_movie_data
2026-01-28 09:14:21,340 - INFO - Spark session stopped.
2026-01-28 09:14:21,343 - INFO - ========== DATA PREPROCESSING COMPLETED ==========
2026-01-28 09:24:42,919 - INFO - ========== STARTING DATA PREPROCESSING ==========
2026-01-28 09:24:42,927 - INFO - Spark session started successfully.
2026-01-28 09:24:43,346 - INFO - Data loaded from /data/movieData.json
2026-01-28 09:24:43,573 - INFO - Initial row count: 18
2026-01-28 09:24:43,602 - INFO - Dropped irrelevant columns: ['adult', 'backdrop_path', 'origin_country', 'original_title', 'imdb_id', 'video', 'homepage']
2026-01-28 09:24:43,838 - INFO - Parsed array-based columns successfully.
2026-01-28 09:24:44,048 - INFO - Extracted director, cast, crew_size, cast_size.
2026-01-28 09:24:44,296 - INFO - Converted datatypes and scaled budget/revenue.
2026-01-28 09:24:44,527 - INFO - Handled unrealistic values and placeholders.
2026-01-28 09:24:45,987 - INFO - Row count after deduplication: 18
2026-01-28 09:24:48,757 - INFO - Row count after non-null filtering: 18
2026-01-28 09:24:49,900 - INFO - Row count after Released filter: 18
2026-01-28 09:24:50,112 - INFO - Reordered and finalized columns.
2026-01-28 09:24:54,659 - INFO - Cleaned data saved to /data/cleaned_movie_data
2026-01-28 09:24:55,241 - INFO - Spark session stopped.
2026-01-28 09:24:55,243 - INFO - ========== DATA PREPROCESSING COMPLETED ==========
2026-01-28 09:25:04,279 - INFO - ========== STARTING DATA PREPROCESSING ==========
2026-01-28 09:25:04,519 - INFO - Spark session started successfully.
2026-01-28 09:25:04,890 - INFO - Data loaded from /data/raw_data/movieData.json
2026-01-28 09:25:05,271 - INFO - Initial row count: 18
2026-01-28 09:25:05,305 - INFO - Dropped irrelevant columns: ['adult', 'backdrop_path', 'origin_country', 'original_title', 'imdb_id', 'video', 'homepage']
2026-01-28 09:25:05,419 - INFO - Parsed array-based columns successfully.
2026-01-28 09:25:05,611 - INFO - Extracted director, cast, crew_size, cast_size.
2026-01-28 09:25:05,790 - INFO - Converted datatypes and scaled budget/revenue.
2026-01-28 09:25:05,977 - INFO - Handled unrealistic values and placeholders.
2026-01-28 09:25:06,851 - INFO - Row count after deduplication: 18
2026-01-28 09:25:08,307 - INFO - Row count after non-null filtering: 18
2026-01-28 09:25:09,014 - INFO - Row count after Released filter: 18
2026-01-28 09:25:09,082 - INFO - Reordered and finalized columns.
2026-01-28 09:25:11,100 - INFO - Cleaned data saved to /data/cleaned_movie_data
2026-01-28 09:25:11,506 - INFO - Spark session stopped.
2026-01-28 09:25:11,509 - INFO - ========== DATA PREPROCESSING COMPLETED ==========
2026-01-28 10:09:35,016 - preprocessing - INFO - ========== STARTING DATA PREPROCESSING ==========
2026-01-28 10:09:35,023 - preprocessing - INFO - Spark session started successfully.
2026-01-28 10:09:35,102 - preprocessing - INFO - Data loaded from /data/raw_data/movieData.json
2026-01-28 10:09:35,310 - preprocessing - INFO - Initial row count: 18
2026-01-28 10:09:35,348 - preprocessing - INFO - Dropped irrelevant columns: ['adult', 'backdrop_path', 'origin_country', 'original_title', 'imdb_id', 'video', 'homepage']
2026-01-28 10:09:35,600 - preprocessing - INFO - Parsed array-based columns successfully.
2026-01-28 10:09:35,815 - preprocessing - INFO - Extracted director, cast, crew_size, cast_size.
2026-01-28 10:09:36,063 - preprocessing - INFO - Converted datatypes and scaled budget/revenue.
2026-01-28 10:09:36,295 - preprocessing - INFO - Handled unrealistic values and placeholders.
2026-01-28 10:09:37,392 - preprocessing - INFO - Row count after deduplication: 18
2026-01-28 10:09:39,642 - preprocessing - INFO - Row count after non-null filtering: 18
2026-01-28 10:09:40,569 - preprocessing - INFO - Row count after Released filter: 18
2026-01-28 10:09:40,647 - preprocessing - INFO - Reordered and finalized columns.
2026-01-28 10:09:45,515 - preprocessing - INFO - Cleaned data saved to /data/cleaned_movie_data
2026-01-28 10:09:46,515 - preprocessing - INFO - Spark session stopped.
2026-01-28 10:09:46,516 - preprocessing - INFO - ========== DATA PREPROCESSING COMPLETED ==========
2026-01-28 10:33:50,952 - preprocessing - INFO - ========== STARTING DATA PREPROCESSING ==========
2026-01-28 10:33:51,030 - preprocessing - INFO - Data loaded from /data/raw_data/movieData.json
2026-01-28 10:33:51,243 - preprocessing - INFO - Initial row count: 18
2026-01-28 10:33:51,273 - preprocessing - INFO - Dropped irrelevant columns: ['adult', 'backdrop_path', 'origin_country', 'original_title', 'imdb_id', 'video', 'homepage']
2026-01-28 10:33:51,507 - preprocessing - INFO - Parsed array-based columns successfully.
2026-01-28 10:33:51,693 - preprocessing - INFO - Extracted director, cast, crew_size, cast_size.
2026-01-28 10:33:51,893 - preprocessing - INFO - Converted datatypes and scaled budget/revenue.
2026-01-28 10:33:52,088 - preprocessing - INFO - Handled unrealistic values and placeholders.
2026-01-28 10:33:53,329 - preprocessing - INFO - Row count after deduplication: 18
2026-01-28 10:33:55,975 - preprocessing - INFO - Row count after non-null filtering: 18
2026-01-28 10:33:57,347 - preprocessing - INFO - Row count after Released filter: 18
2026-01-28 10:33:57,478 - preprocessing - INFO - Reordered and finalized columns.
2026-01-28 10:34:01,925 - preprocessing - INFO - Cleaned data saved to /data/cleaned_movie_data
2026-01-28 10:34:01,927 - preprocessing - INFO - ========== DATA PREPROCESSING COMPLETED ==========
2026-01-28 11:13:16,905 - preprocessing - INFO - ========== STARTING DATA PREPROCESSING ==========
2026-01-28 11:13:17,102 - preprocessing - INFO - Data loaded from /data/raw_data/movieData.json
2026-01-28 11:13:17,457 - preprocessing - INFO - Initial row count: 18
2026-01-28 11:13:17,526 - preprocessing - INFO - Dropped irrelevant columns: ['adult', 'backdrop_path', 'origin_country', 'original_title', 'imdb_id', 'video', 'homepage']
2026-01-28 11:13:17,973 - preprocessing - INFO - Parsed array-based columns successfully.
2026-01-28 11:13:18,273 - preprocessing - INFO - Extracted director, cast, crew_size, cast_size.
2026-01-28 11:13:19,327 - preprocessing - INFO - Converted datatypes and scaled budget/revenue.
2026-01-28 11:13:19,477 - preprocessing - INFO - Handled unrealistic values and placeholders.
2026-01-28 11:13:20,519 - preprocessing - INFO - Row count after deduplication: 18
2026-01-28 11:13:23,290 - preprocessing - INFO - Row count after non-null filtering: 18
2026-01-28 11:13:24,320 - preprocessing - INFO - Row count after Released filter: 18
2026-01-28 11:13:24,426 - preprocessing - INFO - Reordered and finalized columns.
2026-01-28 11:13:28,375 - preprocessing - INFO - Cleaned data saved to /data/cleaned_movie_data
2026-01-28 11:13:28,378 - preprocessing - INFO - ========== DATA PREPROCESSING COMPLETED ==========
2026-01-28 11:52:19,147 - preprocessing - INFO - ========== STARTING DATA PREPROCESSING ==========
2026-01-28 11:52:20,206 - preprocessing - INFO - Data loaded from /data/raw_data/movieData.json
2026-01-28 11:52:22,640 - preprocessing - INFO - Initial row count: 18
2026-01-28 11:52:22,756 - preprocessing - INFO - Dropped irrelevant columns: ['adult', 'backdrop_path', 'origin_country', 'original_title', 'imdb_id', 'video', 'homepage']
2026-01-28 11:52:23,109 - preprocessing - INFO - Parsed array-based columns successfully.
2026-01-28 11:52:23,675 - preprocessing - INFO - Extracted director, cast, crew_size, cast_size.
2026-01-28 11:52:24,371 - preprocessing - INFO - Converted datatypes and scaled budget/revenue.
2026-01-28 11:52:24,552 - preprocessing - INFO - Handled unrealistic values and placeholders.
2026-01-28 11:52:25,818 - preprocessing - INFO - Row count after deduplication: 18
2026-01-28 11:52:28,228 - preprocessing - INFO - Row count after non-null filtering: 18
2026-01-28 11:52:29,414 - preprocessing - INFO - Row count after Released filter: 18
2026-01-28 11:52:29,504 - preprocessing - INFO - Reordered and finalized columns.
2026-01-28 11:52:33,364 - preprocessing - INFO - Cleaned data saved to /data/cleaned_movie_data
2026-01-28 11:52:33,365 - preprocessing - INFO - ========== DATA PREPROCESSING COMPLETED ==========
2026-01-28 14:12:31,461 - preprocessing - INFO - ========== STARTING DATA PREPROCESSING ==========
2026-01-28 14:12:32,662 - preprocessing - INFO - Data loaded from /data/raw_data/movieData.json
2026-01-28 14:12:35,487 - preprocessing - INFO - Initial row count: 18
2026-01-28 14:12:35,644 - preprocessing - INFO - Dropped irrelevant columns: ['adult', 'backdrop_path', 'origin_country', 'original_title', 'imdb_id', 'video', 'homepage']
2026-01-28 14:12:36,270 - preprocessing - INFO - Parsed array-based columns successfully.
2026-01-28 14:12:36,569 - preprocessing - INFO - Extracted director, cast, crew_size, cast_size.
2026-01-28 14:12:36,888 - preprocessing - INFO - Converted datatypes and scaled budget/revenue.
2026-01-28 14:12:37,109 - preprocessing - INFO - Handled unrealistic values and placeholders.
2026-01-28 14:12:38,575 - preprocessing - INFO - Row count after deduplication: 18
2026-01-28 14:12:40,690 - preprocessing - INFO - Row count after non-null filtering: 18
2026-01-28 14:12:41,633 - preprocessing - INFO - Row count after Released filter: 18
2026-01-28 14:12:41,710 - preprocessing - INFO - Reordered and finalized columns.
2026-01-28 14:12:45,071 - preprocessing - INFO - Cleaned data saved to /data/cleaned_movie_data
2026-01-28 14:12:45,073 - preprocessing - INFO - ========== DATA PREPROCESSING COMPLETED ==========
2026-01-28 14:16:30,218 - preprocessing - INFO - ========== STARTING DATA PREPROCESSING ==========
2026-01-28 14:16:32,320 - preprocessing - INFO - Data loaded from /data/raw_data/movieData.json
2026-01-28 14:16:34,803 - preprocessing - INFO - Initial row count: 18
2026-01-28 14:16:34,866 - preprocessing - INFO - Dropped irrelevant columns: ['adult', 'backdrop_path', 'origin_country', 'original_title', 'imdb_id', 'video', 'homepage']
2026-01-28 14:16:35,408 - preprocessing - INFO - Parsed array-based columns successfully.
2026-01-28 14:16:35,652 - preprocessing - INFO - Extracted director, cast, crew_size, cast_size.
2026-01-28 14:16:36,001 - preprocessing - INFO - Converted datatypes and scaled budget/revenue.
2026-01-28 14:16:36,273 - preprocessing - INFO - Handled unrealistic values and placeholders.
2026-01-28 14:16:37,913 - preprocessing - INFO - Row count after deduplication: 18
2026-01-28 14:16:40,265 - preprocessing - INFO - Row count after non-null filtering: 18
2026-01-28 14:16:41,108 - preprocessing - INFO - Row count after Released filter: 18
2026-01-28 14:16:41,185 - preprocessing - INFO - Reordered and finalized columns.
2026-01-28 14:16:44,397 - preprocessing - INFO - Cleaned data saved to /data/cleaned_movie_data
2026-01-28 14:16:44,398 - preprocessing - INFO - ========== DATA PREPROCESSING COMPLETED ==========
2026-01-28 14:18:48,857 - preprocessing - INFO - ========== STARTING DATA PREPROCESSING ==========
2026-01-28 14:18:50,162 - preprocessing - INFO - Data loaded from /data/raw_data/movieData.json
2026-01-28 14:18:52,964 - preprocessing - INFO - Initial row count: 18
2026-01-28 14:18:53,034 - preprocessing - INFO - Dropped irrelevant columns: ['adult', 'backdrop_path', 'origin_country', 'original_title', 'imdb_id', 'video', 'homepage']
2026-01-28 14:18:53,519 - preprocessing - INFO - Parsed array-based columns successfully.
2026-01-28 14:18:53,869 - preprocessing - INFO - Extracted director, cast, crew_size, cast_size.
2026-01-28 14:18:54,346 - preprocessing - INFO - Converted datatypes and scaled budget/revenue.
2026-01-28 14:18:54,619 - preprocessing - INFO - Handled unrealistic values and placeholders.
2026-01-28 14:18:56,271 - preprocessing - INFO - Row count after deduplication: 18
2026-01-28 14:18:58,681 - preprocessing - INFO - Row count after non-null filtering: 18
2026-01-28 14:18:59,864 - preprocessing - INFO - Row count after Released filter: 18
2026-01-28 14:18:59,962 - preprocessing - INFO - Reordered and finalized columns.
2026-01-28 14:19:03,286 - preprocessing - INFO - Cleaned data saved to /data/cleaned_movie_data
2026-01-28 14:19:03,288 - preprocessing - INFO - ========== DATA PREPROCESSING COMPLETED ==========
2026-01-28 14:21:19,404 - preprocessing - INFO - ========== STARTING DATA PREPROCESSING ==========
2026-01-28 14:21:20,382 - preprocessing - INFO - Data loaded from /data/raw_data/movieData.json
2026-01-28 14:21:22,872 - preprocessing - INFO - Initial row count: 18
2026-01-28 14:21:23,009 - preprocessing - INFO - Dropped irrelevant columns: ['adult', 'backdrop_path', 'origin_country', 'original_title', 'imdb_id', 'video', 'homepage']
2026-01-28 14:21:23,347 - preprocessing - INFO - Parsed array-based columns successfully.
2026-01-28 14:21:23,584 - preprocessing - INFO - Extracted director, cast, crew_size, cast_size.
2026-01-28 14:21:23,909 - preprocessing - INFO - Converted datatypes and scaled budget/revenue.
2026-01-28 14:21:24,078 - preprocessing - INFO - Handled unrealistic values and placeholders.
2026-01-28 14:21:25,209 - preprocessing - INFO - Row count after deduplication: 18
2026-01-28 14:21:26,793 - preprocessing - INFO - Row count after non-null filtering: 18
2026-01-28 14:21:27,686 - preprocessing - INFO - Row count after Released filter: 18
2026-01-28 14:21:27,753 - preprocessing - INFO - Reordered and finalized columns.
2026-01-28 14:21:31,162 - preprocessing - INFO - Cleaned data saved to /data/cleaned_movie_data
2026-01-28 14:21:31,164 - preprocessing - INFO - ========== DATA PREPROCESSING COMPLETED ==========
2026-01-28 14:28:38,350 - preprocessing - INFO - ========== STARTING DATA PREPROCESSING ==========
2026-01-28 14:28:39,575 - preprocessing - INFO - Data loaded from /data/raw_data/movieData.json
2026-01-28 14:28:42,613 - preprocessing - INFO - Initial row count: 18
2026-01-28 14:28:42,688 - preprocessing - INFO - Dropped irrelevant columns: ['adult', 'backdrop_path', 'origin_country', 'original_title', 'imdb_id', 'video', 'homepage']
2026-01-28 14:28:43,052 - preprocessing - INFO - Parsed array-based columns successfully.
2026-01-28 14:28:43,442 - preprocessing - INFO - Extracted director, cast, crew_size, cast_size.
2026-01-28 14:28:43,717 - preprocessing - INFO - Converted datatypes and scaled budget/revenue.
2026-01-28 14:28:43,940 - preprocessing - INFO - Handled unrealistic values and placeholders.
2026-01-28 14:28:45,070 - preprocessing - INFO - Row count after deduplication: 18
2026-01-28 14:28:47,040 - preprocessing - INFO - Row count after non-null filtering: 18
2026-01-28 14:28:48,013 - preprocessing - INFO - Row count after Released filter: 18
2026-01-28 14:28:48,123 - preprocessing - INFO - Reordered and finalized columns.
2026-01-28 14:28:50,903 - preprocessing - INFO - Cleaned data saved to /data/cleaned_movie_data
2026-01-28 14:28:50,906 - preprocessing - INFO - ========== DATA PREPROCESSING COMPLETED ==========
2026-01-28 17:59:12,440 - preprocessing - INFO - ========== STARTING DATA PREPROCESSING ==========
2026-01-28 17:59:12,633 - preprocessing - INFO - Data loaded from /data/raw_data/movieData.json
2026-01-28 17:59:13,980 - preprocessing - INFO - Initial row count: 18
2026-01-28 17:59:14,038 - preprocessing - INFO - Dropped irrelevant columns: ['adult', 'backdrop_path', 'origin_country', 'original_title', 'imdb_id', 'video', 'homepage']
2026-01-28 17:59:14,326 - preprocessing - INFO - Parsed array-based columns successfully.
2026-01-28 17:59:14,530 - preprocessing - INFO - Extracted director, cast, crew_size, cast_size.
2026-01-28 17:59:14,770 - preprocessing - INFO - Converted datatypes and scaled budget/revenue.
2026-01-28 17:59:15,093 - preprocessing - INFO - Handled unrealistic values and placeholders.
2026-01-28 17:59:16,589 - preprocessing - INFO - Row count after deduplication: 18
2026-01-28 17:59:18,425 - preprocessing - INFO - Row count after non-null filtering: 18
2026-01-28 17:59:19,064 - preprocessing - INFO - Row count after Released filter: 18
2026-01-28 17:59:19,131 - preprocessing - INFO - Reordered and finalized columns.
2026-01-28 17:59:23,014 - preprocessing - INFO - Cleaned data saved to /data/cleaned_movie_data
2026-01-28 17:59:23,015 - preprocessing - INFO - ========== DATA PREPROCESSING COMPLETED ==========
2026-01-28 21:40:07,702 - preprocessing - INFO - ========== STARTING DATA PREPROCESSING ==========
2026-01-28 21:40:13,423 - preprocessing - INFO - Data loaded from /data/raw_data/movieData.json
2026-01-28 21:40:18,901 - preprocessing - INFO - Initial row count: 18
2026-01-28 21:40:19,205 - preprocessing - INFO - Dropped irrelevant columns: ['adult', 'backdrop_path', 'origin_country', 'original_title', 'imdb_id', 'video', 'homepage']
2026-01-28 21:40:19,964 - preprocessing - INFO - Parsed array-based columns successfully.
2026-01-28 21:40:20,472 - preprocessing - INFO - Extracted director, cast, crew_size, cast_size.
2026-01-28 21:40:21,016 - preprocessing - INFO - Converted datatypes and scaled budget/revenue.
2026-01-28 21:40:21,425 - preprocessing - INFO - Handled unrealistic values and placeholders.
2026-01-28 21:40:24,544 - preprocessing - INFO - Row count after deduplication: 18
2026-01-28 21:40:30,718 - preprocessing - INFO - Row count after non-null filtering: 18
2026-01-28 21:40:33,754 - preprocessing - INFO - Row count after Released filter: 18
2026-01-28 21:40:33,873 - preprocessing - INFO - Reordered and finalized columns.
2026-01-28 21:40:39,804 - preprocessing - INFO - Cleaned data saved to /data/cleaned_movie_data
2026-01-28 21:40:39,813 - preprocessing - INFO - ========== DATA PREPROCESSING COMPLETED ==========
2026-01-29 08:51:16,575 - preprocessing - INFO - ========== STARTING DATA PREPROCESSING ==========
2026-01-29 08:51:16,817 - preprocessing - INFO - Data loaded from /data/raw_data/movieData.json
2026-01-29 08:51:17,146 - preprocessing - INFO - Initial row count: 18
2026-01-29 08:51:17,195 - preprocessing - INFO - Dropped irrelevant columns: ['adult', 'backdrop_path', 'origin_country', 'original_title', 'imdb_id', 'video', 'homepage']
2026-01-29 08:51:17,570 - preprocessing - INFO - Parsed array-based columns successfully.
2026-01-29 08:51:17,933 - preprocessing - INFO - Extracted director, cast, crew_size, cast_size.
2026-01-29 08:51:18,318 - preprocessing - INFO - Converted datatypes and scaled budget/revenue.
2026-01-29 08:51:18,847 - preprocessing - INFO - Handled unrealistic values and placeholders.
2026-01-29 08:51:20,692 - preprocessing - INFO - Row count after deduplication: 18
2026-01-29 08:51:22,282 - preprocessing - INFO - Row count after non-null filtering: 18
2026-01-29 08:51:22,978 - preprocessing - INFO - Row count after Released filter: 18
2026-01-29 08:51:23,128 - preprocessing - INFO - Reordered and finalized columns.
2026-01-29 08:51:26,507 - preprocessing - INFO - Cleaned data saved to /data/cleaned_movie_data
2026-01-29 08:51:26,509 - preprocessing - INFO - ========== DATA PREPROCESSING COMPLETED ==========
2026-01-29 08:56:17,667 - preprocessing - INFO - ========== STARTING DATA PREPROCESSING ==========
2026-01-29 08:56:17,741 - preprocessing - INFO - Data loaded from /data/raw_data/movieData.json
2026-01-29 08:56:17,862 - preprocessing - INFO - Initial row count: 18
2026-01-29 08:56:17,875 - preprocessing - INFO - Dropped irrelevant columns: ['adult', 'backdrop_path', 'origin_country', 'original_title', 'imdb_id', 'video', 'homepage']
2026-01-29 08:56:17,996 - preprocessing - INFO - Parsed array-based columns successfully.
2026-01-29 08:56:18,124 - preprocessing - INFO - Extracted director, cast, crew_size, cast_size.
2026-01-29 08:56:18,219 - preprocessing - INFO - Converted datatypes and scaled budget/revenue.
2026-01-29 08:56:18,308 - preprocessing - INFO - Handled unrealistic values and placeholders.
2026-01-29 08:56:18,635 - preprocessing - INFO - Row count after deduplication: 18
2026-01-29 08:56:19,368 - preprocessing - INFO - Row count after non-null filtering: 18
2026-01-29 08:56:19,870 - preprocessing - INFO - Row count after Released filter: 18
2026-01-29 08:56:19,920 - preprocessing - INFO - Reordered and finalized columns.
2026-01-29 08:56:21,257 - preprocessing - INFO - Cleaned data saved to /data/cleaned_movie_data
2026-01-29 08:56:21,258 - preprocessing - INFO - ========== DATA PREPROCESSING COMPLETED ==========
2026-01-29 08:59:13,020 - preprocessing - INFO - ========== STARTING DATA PREPROCESSING ==========
2026-01-29 08:59:13,123 - preprocessing - INFO - Data loaded from /data/raw_data/movieData.json
2026-01-29 08:59:13,366 - preprocessing - INFO - Initial row count: 18
2026-01-29 08:59:13,396 - preprocessing - INFO - Dropped irrelevant columns: ['adult', 'backdrop_path', 'origin_country', 'original_title', 'imdb_id', 'video', 'homepage']
2026-01-29 08:59:13,625 - preprocessing - INFO - Parsed array-based columns successfully.
2026-01-29 08:59:13,818 - preprocessing - INFO - Extracted director, cast, crew_size, cast_size.
2026-01-29 08:59:14,059 - preprocessing - INFO - Converted datatypes and scaled budget/revenue.
2026-01-29 08:59:14,295 - preprocessing - INFO - Handled unrealistic values and placeholders.
2026-01-29 08:59:15,442 - preprocessing - INFO - Row count after deduplication: 18
2026-01-29 08:59:17,050 - preprocessing - INFO - Row count after non-null filtering: 18
2026-01-29 08:59:17,724 - preprocessing - INFO - Row count after Released filter: 18
2026-01-29 08:59:17,791 - preprocessing - INFO - Reordered and finalized columns.
2026-01-29 08:59:20,671 - preprocessing - INFO - Cleaned data saved to /data/cleaned_movie_data
2026-01-29 08:59:20,673 - preprocessing - INFO - ========== DATA PREPROCESSING COMPLETED ==========
2026-02-09 15:12:16,225 - preprocessing - INFO - ========== STARTING DATA PREPROCESSING ==========
2026-02-09 15:12:16,400 - preprocessing - INFO - Data loaded from /data/raw_data/movieData.json
2026-02-09 15:12:16,865 - preprocessing - INFO - Initial row count: 18
2026-02-09 15:12:16,905 - preprocessing - INFO - Dropped irrelevant columns: ['adult', 'backdrop_path', 'origin_country', 'original_title', 'imdb_id', 'video', 'homepage']
2026-02-09 15:12:17,418 - preprocessing - INFO - Parsed array-based columns successfully.
2026-02-09 15:12:17,790 - preprocessing - INFO - Extracted director, cast, crew_size, cast_size.
2026-02-09 15:12:18,476 - preprocessing - INFO - Converted datatypes and scaled budget/revenue.
2026-02-09 15:12:19,004 - preprocessing - INFO - Handled unrealistic values and placeholders.
2026-02-09 15:12:20,961 - preprocessing - INFO - Row count after deduplication: 18
2026-02-09 15:12:23,601 - preprocessing - INFO - Row count after non-null filtering: 18
2026-02-09 15:12:26,590 - preprocessing - INFO - Row count after Released filter: 18
2026-02-09 15:12:26,676 - preprocessing - INFO - Reordered and finalized columns.
2026-02-09 15:12:35,145 - preprocessing - INFO - Cleaned data saved to /data/cleaned_movie_data
2026-02-09 15:12:35,149 - preprocessing - INFO - ========== DATA PREPROCESSING COMPLETED ==========
2026-02-27 13:13:13,274 - preprocessing - INFO - ========== STARTING DATA PREPROCESSING ==========
2026-02-27 13:13:13,386 - preprocessing - INFO - Data loaded from /data/raw_data/movieData.json
2026-02-27 13:13:14,032 - preprocessing - INFO - Initial row count: 18
2026-02-27 13:13:14,070 - preprocessing - INFO - Dropped irrelevant columns: ['adult', 'backdrop_path', 'origin_country', 'original_title', 'imdb_id', 'video', 'homepage']
2026-02-27 13:13:14,422 - preprocessing - INFO - Parsed array-based columns successfully.
2026-02-27 13:13:14,685 - preprocessing - INFO - Extracted director, cast, crew_size, cast_size.
2026-02-27 13:13:15,043 - preprocessing - INFO - Converted datatypes and scaled budget/revenue.
2026-02-27 13:13:15,231 - preprocessing - INFO - Handled unrealistic values and placeholders.
2026-02-27 13:13:16,599 - preprocessing - INFO - Row count after deduplication: 18
2026-02-27 13:13:18,995 - preprocessing - INFO - Row count after non-null filtering: 18
2026-02-27 13:13:20,025 - preprocessing - INFO - Row count after Released filter: 18
2026-02-27 13:13:20,113 - preprocessing - INFO - Reordered and finalized columns.
2026-02-27 13:13:23,875 - preprocessing - INFO - Cleaned data saved to /data/cleaned_movie_data
2026-02-27 13:13:23,877 - preprocessing - INFO - ========== DATA PREPROCESSING COMPLETED ==========
2026-02-27 13:15:38,396 - preprocessing - INFO - ========== STARTING DATA PREPROCESSING ==========
2026-02-27 13:15:38,447 - preprocessing - INFO - Data loaded from /data/raw_data/movieData.json
2026-02-27 13:15:38,565 - preprocessing - INFO - Initial row count: 18
2026-02-27 13:15:38,578 - preprocessing - INFO - Dropped irrelevant columns: ['adult', 'backdrop_path', 'origin_country', 'original_title', 'imdb_id', 'video', 'homepage']
2026-02-27 13:15:38,636 - preprocessing - INFO - Parsed array-based columns successfully.
2026-02-27 13:15:38,703 - preprocessing - INFO - Extracted director, cast, crew_size, cast_size.
2026-02-27 13:15:38,796 - preprocessing - INFO - Converted datatypes and scaled budget/revenue.
2026-02-27 13:15:38,877 - preprocessing - INFO - Handled unrealistic values and placeholders.
2026-02-27 13:15:39,141 - preprocessing - INFO - Row count after deduplication: 18
2026-02-27 13:15:39,902 - preprocessing - INFO - Row count after non-null filtering: 18
2026-02-27 13:15:40,318 - preprocessing - INFO - Row count after Released filter: 18
2026-02-27 13:15:40,361 - preprocessing - INFO - Reordered and finalized columns.
2026-02-27 13:15:42,009 - preprocessing - INFO - Cleaned data saved to /data/cleaned_movie_data
2026-02-27 13:15:42,012 - preprocessing - INFO - ========== DATA PREPROCESSING COMPLETED ==========
2026-02-27 13:19:27,368 - preprocessing - INFO - ========== STARTING DATA PREPROCESSING ==========
2026-02-27 13:19:27,490 - preprocessing - INFO - Data loaded from /data/raw_data/movieData.json
2026-02-27 13:19:27,919 - preprocessing - INFO - Initial row count: 18
2026-02-27 13:19:27,987 - preprocessing - INFO - Dropped irrelevant columns: ['adult', 'backdrop_path', 'origin_country', 'original_title', 'imdb_id', 'video', 'homepage']
2026-02-27 13:19:28,538 - preprocessing - INFO - Parsed array-based columns successfully.
2026-02-27 13:19:28,825 - preprocessing - INFO - Extracted director, cast, crew_size, cast_size.
2026-02-27 13:19:29,248 - preprocessing - INFO - Converted datatypes and scaled budget/revenue.
2026-02-27 13:19:29,496 - preprocessing - INFO - Handled unrealistic values and placeholders.
2026-02-27 13:19:30,711 - preprocessing - INFO - Row count after deduplication: 18
2026-02-27 13:19:32,770 - preprocessing - INFO - Row count after non-null filtering: 18
2026-02-27 13:19:33,781 - preprocessing - INFO - Row count after Released filter: 18
2026-02-27 13:19:33,877 - preprocessing - INFO - Reordered and finalized columns.
2026-02-27 13:19:37,513 - preprocessing - INFO - Cleaned data saved to /data/cleaned_movie_data
2026-02-27 13:19:37,515 - preprocessing - INFO - ========== DATA PREPROCESSING COMPLETED ==========
2026-02-27 13:26:45,693 - preprocessing - INFO - ========== STARTING DATA PREPROCESSING ==========
2026-02-27 13:26:45,925 - preprocessing - INFO - Data loaded from /data/raw_data/movieData.json
2026-02-27 13:26:46,307 - preprocessing - INFO - Initial row count: 18
2026-02-27 13:26:46,359 - preprocessing - INFO - Dropped irrelevant columns: ['adult', 'backdrop_path', 'origin_country', 'original_title', 'imdb_id', 'video', 'homepage']
2026-02-27 13:26:46,649 - preprocessing - INFO - Parsed array-based columns successfully.
2026-02-27 13:26:46,892 - preprocessing - INFO - Extracted director, cast, crew_size, cast_size.
2026-02-27 13:26:47,160 - preprocessing - INFO - Converted datatypes and scaled budget/revenue.
2026-02-27 13:26:47,367 - preprocessing - INFO - Handled unrealistic values and placeholders.
2026-02-27 13:26:48,677 - preprocessing - INFO - Row count after deduplication: 18
2026-02-27 13:26:50,743 - preprocessing - INFO - Row count after non-null filtering: 18
2026-02-27 13:26:51,826 - preprocessing - INFO - Row count after Released filter: 18
2026-02-27 13:26:51,931 - preprocessing - INFO - Reordered and finalized columns.
2026-02-27 13:26:56,054 - preprocessing - INFO - Cleaned data saved to /data/cleaned_movie_data
2026-02-27 13:26:56,056 - preprocessing - INFO - ========== DATA PREPROCESSING COMPLETED ==========
2026-02-27 14:58:06,489 - preprocessing - INFO - ========== STARTING DATA PREPROCESSING ==========
2026-02-27 14:58:07,667 - preprocessing - INFO - Data loaded from /data/raw_data/movieData.json
2026-02-27 14:58:09,959 - preprocessing - INFO - Initial row count: 18
2026-02-27 14:58:10,031 - preprocessing - INFO - Dropped irrelevant columns: ['adult', 'backdrop_path', 'origin_country', 'original_title', 'imdb_id', 'video', 'homepage']
2026-02-27 14:58:10,325 - preprocessing - INFO - Parsed array-based columns successfully.
2026-02-27 14:58:10,561 - preprocessing - INFO - Extracted director, cast, crew_size, cast_size.
2026-02-27 14:58:10,863 - preprocessing - INFO - Converted datatypes and scaled budget/revenue.
2026-02-27 14:58:11,173 - preprocessing - INFO - Handled unrealistic values and placeholders.
2026-02-27 14:58:12,793 - preprocessing - INFO - Row count after deduplication: 18
2026-02-27 14:58:15,526 - preprocessing - INFO - Row count after non-null filtering: 18
2026-02-27 14:58:16,876 - preprocessing - INFO - Row count after Released filter: 18
2026-02-27 14:58:16,981 - preprocessing - INFO - Reordered and finalized columns.
2026-02-27 14:58:21,712 - preprocessing - INFO - Cleaned data saved to /data/cleaned_movie_data
2026-02-27 14:58:21,716 - preprocessing - INFO - ========== DATA PREPROCESSING COMPLETED ==========
2026-02-27 18:52:03,416 - preprocessing - INFO - ========== STARTING DATA PREPROCESSING ==========
2026-02-27 18:52:05,470 - preprocessing - INFO - Data loaded from /data/raw_data/movieData.json
2026-02-27 18:52:09,863 - preprocessing - INFO - Initial row count: 18
2026-02-27 18:52:09,986 - preprocessing - INFO - Dropped irrelevant columns: ['adult', 'backdrop_path', 'origin_country', 'original_title', 'imdb_id', 'video', 'homepage']
2026-02-27 18:52:10,472 - preprocessing - INFO - Parsed array-based columns successfully.
2026-02-27 18:52:10,853 - preprocessing - INFO - Extracted director, cast, crew_size, cast_size.
2026-02-27 18:52:11,448 - preprocessing - INFO - Converted datatypes and scaled budget/revenue.
2026-02-27 18:52:12,162 - preprocessing - INFO - Handled unrealistic values and placeholders.
2026-02-27 18:52:14,330 - preprocessing - INFO - Row count after deduplication: 18
2026-02-27 18:52:17,896 - preprocessing - INFO - Row count after non-null filtering: 18
2026-02-27 18:52:19,682 - preprocessing - INFO - Row count after Released filter: 18
2026-02-27 18:52:19,785 - preprocessing - INFO - Reordered and finalized columns.
2026-02-27 18:52:25,632 - preprocessing - INFO - Cleaned data saved to /data/cleaned_movie_data
2026-02-27 18:52:25,634 - preprocessing - INFO - ========== DATA PREPROCESSING COMPLETED ==========
2026-03-01 16:27:01,367 - preprocessing - INFO - ========== STARTING DATA PREPROCESSING ==========
2026-03-01 16:27:02,552 - preprocessing - INFO - Data loaded from /data/raw_data/movieData.json
2026-03-01 16:27:05,151 - preprocessing - INFO - Initial row count: 18
2026-03-01 16:27:05,270 - preprocessing - INFO - Dropped irrelevant columns: ['adult', 'backdrop_path', 'origin_country', 'original_title', 'imdb_id', 'video', 'homepage']
2026-03-01 16:27:05,759 - preprocessing - INFO - Parsed array-based columns successfully.
2026-03-01 16:27:06,151 - preprocessing - INFO - Extracted director, cast, crew_size, cast_size.
2026-03-01 16:27:06,537 - preprocessing - INFO - Converted datatypes and scaled budget/revenue.
2026-03-01 16:27:06,862 - preprocessing - INFO - Handled unrealistic values and placeholders.
2026-03-01 16:27:09,075 - preprocessing - INFO - Row count after deduplication: 18
2026-03-01 16:27:12,717 - preprocessing - INFO - Row count after non-null filtering: 18
2026-03-01 16:27:13,927 - preprocessing - INFO - Row count after Released filter: 18
2026-03-01 16:27:14,060 - preprocessing - INFO - Reordered and finalized columns.
2026-03-01 16:27:19,454 - preprocessing - INFO - Cleaned data saved to /data/cleaned_movie_data
2026-03-01 16:27:19,460 - preprocessing - INFO - ========== DATA PREPROCESSING COMPLETED ==========
2026-03-01 16:30:02,532 - preprocessing - INFO - ========== STARTING DATA PREPROCESSING ==========
2026-03-01 16:30:03,428 - preprocessing - INFO - Data loaded from /data/raw_data/movieData.json
2026-03-01 16:30:05,874 - preprocessing - INFO - Initial row count: 18
2026-03-01 16:30:06,028 - preprocessing - INFO - Dropped irrelevant columns: ['adult', 'backdrop_path', 'origin_country', 'original_title', 'imdb_id', 'video', 'homepage']
2026-03-01 16:30:06,432 - preprocessing - INFO - Parsed array-based columns successfully.
2026-03-01 16:30:06,741 - preprocessing - INFO - Extracted director, cast, crew_size, cast_size.
2026-03-01 16:30:07,016 - preprocessing - INFO - Converted datatypes and scaled budget/revenue.
2026-03-01 16:30:07,308 - preprocessing - INFO - Handled unrealistic values and placeholders.
2026-03-01 16:30:09,062 - preprocessing - INFO - Row count after deduplication: 18
2026-03-01 16:30:11,837 - preprocessing - INFO - Row count after non-null filtering: 18
2026-03-01 16:30:12,972 - preprocessing - INFO - Row count after Released filter: 18
2026-03-01 16:30:13,078 - preprocessing - INFO - Reordered and finalized columns.
2026-03-01 16:30:16,977 - preprocessing - INFO - Cleaned data saved to /data/cleaned_movie_data
2026-03-01 16:30:16,983 - preprocessing - INFO - ========== DATA PREPROCESSING COMPLETED ==========
2026-03-01 16:32:25,688 - preprocessing - INFO - ========== STARTING DATA PREPROCESSING ==========
2026-03-01 16:32:26,626 - preprocessing - INFO - Data loaded from /data/raw_data/movieData.json
2026-03-01 16:32:29,151 - preprocessing - INFO - Initial row count: 18
2026-03-01 16:32:29,388 - preprocessing - INFO - Dropped irrelevant columns: ['adult', 'backdrop_path', 'origin_country', 'original_title', 'imdb_id', 'video', 'homepage']
2026-03-01 16:32:30,098 - preprocessing - INFO - Parsed array-based columns successfully.
2026-03-01 16:32:30,431 - preprocessing - INFO - Extracted director, cast, crew_size, cast_size.
2026-03-01 16:32:30,864 - preprocessing - INFO - Converted datatypes and scaled budget/revenue.
2026-03-01 16:32:31,135 - preprocessing - INFO - Handled unrealistic values and placeholders.
2026-03-01 16:32:33,065 - preprocessing - INFO - Row count after deduplication: 18
2026-03-01 16:32:35,808 - preprocessing - INFO - Row count after non-null filtering: 18
2026-03-01 16:32:37,596 - preprocessing - INFO - Row count after Released filter: 18
2026-03-01 16:32:37,853 - preprocessing - INFO - Reordered and finalized columns.
2026-03-01 16:32:42,618 - preprocessing - INFO - Cleaned data saved to /data/cleaned_movie_data
2026-03-01 16:32:42,621 - preprocessing - INFO - ========== DATA PREPROCESSING COMPLETED ==========
2026-03-01 16:35:40,217 - preprocessing - INFO - ========== STARTING DATA PREPROCESSING ==========
2026-03-01 16:35:41,116 - preprocessing - INFO - Data loaded from /data/raw_data/movieData.json
2026-03-01 16:35:43,289 - preprocessing - INFO - Initial row count: 18
2026-03-01 16:35:43,397 - preprocessing - INFO - Dropped irrelevant columns: ['adult', 'backdrop_path', 'origin_country', 'original_title', 'imdb_id', 'video', 'homepage']
2026-03-01 16:35:43,932 - preprocessing - INFO - Parsed array-based columns successfully.
2026-03-01 16:35:44,282 - preprocessing - INFO - Extracted director, cast, crew_size, cast_size.
2026-03-01 16:35:44,576 - preprocessing - INFO - Converted datatypes and scaled budget/revenue.
2026-03-01 16:35:44,819 - preprocessing - INFO - Handled unrealistic values and placeholders.
2026-03-01 16:35:46,340 - preprocessing - INFO - Row count after deduplication: 18
2026-03-01 16:35:48,656 - preprocessing - INFO - Row count after non-null filtering: 18
2026-03-01 16:35:50,324 - preprocessing - INFO - Row count after Released filter: 18
2026-03-01 16:35:50,481 - preprocessing - INFO - Reordered and finalized columns.
2026-03-01 16:35:53,686 - preprocessing - INFO - Cleaned data saved to /data/cleaned_movie_data
2026-03-01 16:35:53,688 - preprocessing - INFO - ========== DATA PREPROCESSING COMPLETED ==========
2026-03-01 16:39:37,909 - preprocessing - INFO - ========== STARTING DATA PREPROCESSING ==========
2026-03-01 16:39:40,982 - preprocessing - INFO - Data loaded from /data/raw_data/movieData.json
2026-03-01 16:39:47,631 - preprocessing - INFO - Initial row count: 18
2026-03-01 16:39:47,877 - preprocessing - INFO - Dropped irrelevant columns: ['adult', 'backdrop_path', 'origin_country', 'original_title', 'imdb_id', 'video', 'homepage']
2026-03-01 16:39:48,713 - preprocessing - INFO - Parsed array-based columns successfully.
2026-03-01 16:39:49,587 - preprocessing - INFO - Extracted director, cast, crew_size, cast_size.
2026-03-01 16:39:50,208 - preprocessing - INFO - Converted datatypes and scaled budget/revenue.
2026-03-01 16:39:50,842 - preprocessing - INFO - Handled unrealistic values and placeholders.
2026-03-01 16:39:52,964 - preprocessing - INFO - Row count after deduplication: 18
2026-03-01 16:39:57,920 - preprocessing - INFO - Row count after non-null filtering: 18
2026-03-01 16:40:00,409 - preprocessing - INFO - Row count after Released filter: 18
2026-03-01 16:40:00,529 - preprocessing - INFO - Reordered and finalized columns.
2026-03-01 16:40:05,140 - preprocessing - INFO - Cleaned data saved to /data/cleaned_movie_data
2026-03-01 16:40:05,142 - preprocessing - INFO - ========== DATA PREPROCESSING COMPLETED ==========
2026-03-01 19:25:27,055 - preprocessing - INFO - ========== STARTING DATA PREPROCESSING ==========
2026-03-01 19:25:28,351 - preprocessing - INFO - Data loaded from /data/raw_data/movieData.json
2026-03-01 19:25:30,920 - preprocessing - INFO - Initial row count: 18
2026-03-01 19:25:31,014 - preprocessing - INFO - Dropped irrelevant columns: ['adult', 'backdrop_path', 'origin_country', 'original_title', 'imdb_id', 'video', 'homepage']
2026-03-01 19:25:31,493 - preprocessing - INFO - Parsed array-based columns successfully.
2026-03-01 19:25:31,841 - preprocessing - INFO - Extracted director, cast, crew_size, cast_size.
2026-03-01 19:25:32,086 - preprocessing - INFO - Converted datatypes and scaled budget/revenue.
2026-03-01 19:25:32,297 - preprocessing - INFO - Handled unrealistic values and placeholders.
2026-03-01 19:25:33,495 - preprocessing - INFO - Row count after deduplication: 18
2026-03-01 19:25:36,467 - preprocessing - INFO - Row count after non-null filtering: 18
2026-03-01 19:25:37,656 - preprocessing - INFO - Row count after Released filter: 18
2026-03-01 19:25:37,756 - preprocessing - INFO - Reordered and finalized columns.
2026-03-01 19:25:41,586 - preprocessing - INFO - Cleaned data saved to /data/cleaned_movie_data
2026-03-01 19:25:41,588 - preprocessing - INFO - ========== DATA PREPROCESSING COMPLETED ==========
2026-03-01 21:14:33,293 - preprocessing - INFO - ========== STARTING DATA PREPROCESSING ==========
2026-03-01 21:14:34,409 - preprocessing - INFO - Data loaded from /data/raw_data/movieData.json
2026-03-01 21:14:36,651 - preprocessing - INFO - Initial row count: 18
2026-03-01 21:14:36,717 - preprocessing - INFO - Dropped irrelevant columns: ['adult', 'backdrop_path', 'origin_country', 'original_title', 'imdb_id', 'video', 'homepage']
2026-03-01 21:14:37,007 - preprocessing - INFO - Parsed array-based columns successfully.
2026-03-01 21:14:37,203 - preprocessing - INFO - Extracted director, cast, crew_size, cast_size.
2026-03-01 21:14:37,414 - preprocessing - INFO - Converted datatypes and scaled budget/revenue.
2026-03-01 21:14:37,570 - preprocessing - INFO - Handled unrealistic values and placeholders.
2026-03-01 21:14:38,588 - preprocessing - INFO - Row count after deduplication: 18
2026-03-01 21:14:40,156 - preprocessing - INFO - Row count after non-null filtering: 18
2026-03-01 21:14:41,446 - preprocessing - INFO - Row count after Released filter: 18
2026-03-01 21:14:41,538 - preprocessing - INFO - Reordered and finalized columns.
2026-03-01 21:14:44,767 - preprocessing - INFO - Cleaned data saved to /data/cleaned_movie_data
2026-03-01 21:14:44,769 - preprocessing - INFO - ========== DATA PREPROCESSING COMPLETED ==========
2026-03-01 21:39:22,268 - preprocessing - INFO - ========== STARTING DATA PREPROCESSING ==========
2026-03-01 21:39:22,358 - preprocessing - INFO - Data loaded from /data/raw_data/movieData.json
2026-03-01 21:39:22,671 - preprocessing - INFO - Initial row count: 18
2026-03-01 21:39:22,746 - preprocessing - INFO - Dropped irrelevant columns: ['adult', 'backdrop_path', 'origin_country', 'original_title', 'imdb_id', 'video', 'homepage']
2026-03-01 21:39:23,086 - preprocessing - INFO - Parsed array-based columns successfully.
2026-03-01 21:39:23,314 - preprocessing - INFO - Extracted director, cast, crew_size, cast_size.
2026-03-01 21:39:23,586 - preprocessing - INFO - Converted datatypes and scaled budget/revenue.
2026-03-01 21:39:23,806 - preprocessing - INFO - Handled unrealistic values and placeholders.
2026-03-01 21:39:25,048 - preprocessing - INFO - Row count after deduplication: 18
2026-03-01 21:39:27,883 - preprocessing - INFO - Row count after non-null filtering: 18
2026-03-01 21:39:28,796 - preprocessing - INFO - Row count after Released filter: 18
2026-03-01 21:39:28,875 - preprocessing - INFO - Reordered and finalized columns.
2026-03-01 21:39:32,056 - preprocessing - INFO - Cleaned data saved to /data/cleaned_movie_data
2026-03-01 21:39:32,057 - preprocessing - INFO - ========== DATA PREPROCESSING COMPLETED ==========
2026-03-01 21:45:31,864 - preprocessing - INFO - ========== STARTING DATA PREPROCESSING ==========
2026-03-01 21:45:31,957 - preprocessing - INFO - Data loaded from /data/raw_data/movieData.json
2026-03-01 21:45:32,303 - preprocessing - INFO - Initial row count: 18
2026-03-01 21:45:32,338 - preprocessing - INFO - Dropped irrelevant columns: ['adult', 'backdrop_path', 'origin_country', 'original_title', 'imdb_id', 'video', 'homepage']
2026-03-01 21:45:32,679 - preprocessing - INFO - Parsed array-based columns successfully.
2026-03-01 21:45:32,934 - preprocessing - INFO - Extracted director, cast, crew_size, cast_size.
2026-03-01 21:45:33,194 - preprocessing - INFO - Converted datatypes and scaled budget/revenue.
2026-03-01 21:45:33,403 - preprocessing - INFO - Handled unrealistic values and placeholders.
2026-03-01 21:45:34,652 - preprocessing - INFO - Row count after deduplication: 18
2026-03-01 21:45:36,655 - preprocessing - INFO - Row count after non-null filtering: 18
2026-03-01 21:45:37,550 - preprocessing - INFO - Row count after Released filter: 18
2026-03-01 21:45:37,618 - preprocessing - INFO - Reordered and finalized columns.
2026-03-01 21:45:40,993 - preprocessing - INFO - Cleaned data saved to /data/cleaned_movie_data
2026-03-01 21:45:40,996 - preprocessing - INFO - ========== DATA PREPROCESSING COMPLETED ==========
